num: 41411 base: 7 arr: [4, 1, 2, 5, 6, 7, 3]
414 * 11 = 414  + 414  = 4554
num: 41111 base: 7 arr: [4, 1, 2, 5, 6, 7, 3]
411 * 11 = 411  + 411  = 4521
num: 41211 base: 7 arr: [4, 1, 2, 5, 6, 7, 3]
412 * 11 = 412  + 412  = 4532
num: 41511 base: 7 arr: [4, 1, 2, 5, 6, 7, 3]
415 * 11 = 415  + 415  = 4565
num: 41611 base: 7 arr: [4, 1, 2, 5, 6, 7, 3]
416 * 11 = 416  + 416  = 4576
num: 41311 base: 7 arr: [4, 1, 2, 5, 6, 7, 3]
413 * 11 = 413  + 413  = 4543
num: 42411 base: 7 arr: [4, 1, 2, 5, 6, 7, 3]
424 * 11 = 424  + 424  = 4664
num: 42111 base: 7 arr: [4, 1, 2, 5, 6, 7, 3]
421 * 11 = 421  + 421  = 4631
num: 42211 base: 7 arr: [4, 1, 2, 5, 6, 7, 3]
422 * 11 = 422  + 422  = 4642
num: 42511 base: 7 arr: [4, 1, 2, 5, 6, 7, 3]
425 * 11 = 425  + 425  = 4675
num: 42311 base: 7 arr: [4, 1, 2, 5, 6, 7, 3]
423 * 11 = 423  + 423  = 4653
num: 46511 base: 7 arr: [4, 1, 2, 5, 6, 7, 3]
465 * 11 = 465  + 465  = 5115
num: 46611 base: 7 arr: [4, 1, 2, 5, 6, 7, 3]
466 * 11 = 466  + 466  = 5126
num: 46711 base: 7 arr: [4, 1, 2, 5, 6, 7, 3]
467 * 11 = 467  + 467  = 5137
num: 47411 base: 7 arr: [4, 1, 2, 5, 6, 7, 3]
474 * 11 = 474  + 474  = 5214
num: 47511 base: 7 arr: [4, 1, 2, 5, 6, 7, 3]
475 * 11 = 475  + 475  = 5225
num: 47611 base: 7 arr: [4, 1, 2, 5, 6, 7, 3]
476 * 11 = 476  + 476  = 5236
num: 47711 base: 7 arr: [4, 1, 2, 5, 6, 7, 3]
477 * 11 = 477  + 477  = 5247
num: 43411 base: 7 arr: [4, 1, 2, 5, 6, 7, 3]
434 * 11 = 434  + 434  = 4774
num: 43111 base: 7 arr: [4, 1, 2, 5, 6, 7, 3]
431 * 11 = 431  + 431  = 4741
num: 43211 base: 7 arr: [4, 1, 2, 5, 6, 7, 3]
432 * 11 = 432  + 432  = 4752
num: 43311 base: 7 arr: [4, 1, 2, 5, 6, 7, 3]
433 * 11 = 433  + 433  = 4763
num: 14444 base: 7 arr: [4, 1, 2, 5, 6, 7, 3]
144 * 44 = 576  + 576  = 6336
num: 14431 base: 7 arr: [4, 1, 2, 5, 6, 7, 3]
144 * 31 = 144  + 432  = 4464
num: 14433 base: 7 arr: [4, 1, 2, 5, 6, 7, 3]
144 * 33 = 432  + 432  = 4752
num: 14111 base: 7 arr: [4, 1, 2, 5, 6, 7, 3]
141 * 11 = 141  + 141  = 1551
num: 14131 base: 7 arr: [4, 1, 2, 5, 6, 7, 3]
141 * 31 = 141  + 423  = 4371
num: 14133 base: 7 arr: [4, 1, 2, 5, 6, 7, 3]
141 * 33 = 423  + 423  = 4653
num: 14211 base: 7 arr: [4, 1, 2, 5, 6, 7, 3]
142 * 11 = 142  + 142  = 1562
num: 14515 base: 7 arr: [4, 1, 2, 5, 6, 7, 3]
145 * 15 = 725  + 145  = 2175
num: 14711 base: 7 arr: [4, 1, 2, 5, 6, 7, 3]
147 * 11 = 147  + 147  = 1617
num: 14731 base: 7 arr: [4, 1, 2, 5, 6, 7, 3]
147 * 31 = 147  + 441  = 4557
num: 14735 base: 7 arr: [4, 1, 2, 5, 6, 7, 3]
147 * 35 = 735  + 441  = 5145
num: 14345 base: 7 arr: [4, 1, 2, 5, 6, 7, 3]
143 * 45 = 715  + 572  = 6435
num: 14311 base: 7 arr: [4, 1, 2, 5, 6, 7, 3]
143 * 11 = 143  + 143  = 1573
num: 14315 base: 7 arr: [4, 1, 2, 5, 6, 7, 3]
143 * 15 = 715  + 143  = 2145
num: 14354 base: 7 arr: [4, 1, 2, 5, 6, 7, 3]
143 * 54 = 572  + 715  = 7722
num: 11441 base: 7 arr: [4, 1, 2, 5, 6, 7, 3]
114 * 41 = 114  + 456  = 4674
num: 11411 base: 7 arr: [4, 1, 2, 5, 6, 7, 3]
114 * 11 = 114  + 114  = 1254
num: 11431 base: 7 arr: [4, 1, 2, 5, 6, 7, 3]
114 * 31 = 114  + 342  = 3534
num: 11433 base: 7 arr: [4, 1, 2, 5, 6, 7, 3]
114 * 33 = 342  + 342  = 3762
num: 11141 base: 7 arr: [4, 1, 2, 5, 6, 7, 3]
111 * 41 = 111  + 444  = 4551
num: 11142 base: 7 arr: [4, 1, 2, 5, 6, 7, 3]
111 * 42 = 222  + 444  = 4662
num: 11147 base: 7 arr: [4, 1, 2, 5, 6, 7, 3]
111 * 47 = 777  + 444  = 5217
num: 11143 base: 7 arr: [4, 1, 2, 5, 6, 7, 3]
111 * 43 = 333  + 444  = 4773
num: 11114 base: 7 arr: [4, 1, 2, 5, 6, 7, 3]
111 * 14 = 444  + 111  = 1554
num: 11111 base: 7 arr: [4, 1, 2, 5, 6, 7, 3]
111 * 11 = 111  + 111  = 1221
num: 11112 base: 7 arr: [4, 1, 2, 5, 6, 7, 3]
111 * 12 = 222  + 111  = 1332
num: 11115 base: 7 arr: [4, 1, 2, 5, 6, 7, 3]
111 * 15 = 555  + 111  = 1665
num: 11116 base: 7 arr: [4, 1, 2, 5, 6, 7, 3]
111 * 16 = 666  + 111  = 1776
num: 11113 base: 7 arr: [4, 1, 2, 5, 6, 7, 3]
111 * 13 = 333  + 111  = 1443
num: 11124 base: 7 arr: [4, 1, 2, 5, 6, 7, 3]
111 * 24 = 444  + 222  = 2664
num: 11121 base: 7 arr: [4, 1, 2, 5, 6, 7, 3]
111 * 21 = 111  + 222  = 2331
num: 11122 base: 7 arr: [4, 1, 2, 5, 6, 7, 3]
111 * 22 = 222  + 222  = 2442
num: 11125 base: 7 arr: [4, 1, 2, 5, 6, 7, 3]
111 * 25 = 555  + 222  = 2775
num: 11123 base: 7 arr: [4, 1, 2, 5, 6, 7, 3]
111 * 23 = 333  + 222  = 2553
num: 11151 base: 7 arr: [4, 1, 2, 5, 6, 7, 3]
111 * 51 = 111  + 555  = 5661
num: 11152 base: 7 arr: [4, 1, 2, 5, 6, 7, 3]
111 * 52 = 222  + 555  = 5772
num: 11156 base: 7 arr: [4, 1, 2, 5, 6, 7, 3]
111 * 56 = 666  + 555  = 6216
num: 11157 base: 7 arr: [4, 1, 2, 5, 6, 7, 3]
111 * 57 = 777  + 555  = 6327
num: 11161 base: 7 arr: [4, 1, 2, 5, 6, 7, 3]
111 * 61 = 111  + 666  = 6771
num: 11165 base: 7 arr: [4, 1, 2, 5, 6, 7, 3]
111 * 65 = 555  + 666  = 7215
num: 11166 base: 7 arr: [4, 1, 2, 5, 6, 7, 3]
111 * 66 = 666  + 666  = 7326
num: 11167 base: 7 arr: [4, 1, 2, 5, 6, 7, 3]
111 * 67 = 777  + 666  = 7437
num: 11134 base: 7 arr: [4, 1, 2, 5, 6, 7, 3]
111 * 34 = 444  + 333  = 3774
num: 11131 base: 7 arr: [4, 1, 2, 5, 6, 7, 3]
111 * 31 = 111  + 333  = 3441
num: 11132 base: 7 arr: [4, 1, 2, 5, 6, 7, 3]
111 * 32 = 222  + 333  = 3552
num: 11133 base: 7 arr: [4, 1, 2, 5, 6, 7, 3]
111 * 33 = 333  + 333  = 3663
num: 11211 base: 7 arr: [4, 1, 2, 5, 6, 7, 3]
112 * 11 = 112  + 112  = 1232
num: 11212 base: 7 arr: [4, 1, 2, 5, 6, 7, 3]
112 * 12 = 224  + 112  = 1344
num: 11213 base: 7 arr: [4, 1, 2, 5, 6, 7, 3]
112 * 13 = 336  + 112  = 1456
num: 11221 base: 7 arr: [4, 1, 2, 5, 6, 7, 3]
112 * 21 = 112  + 224  = 2352
num: 11222 base: 7 arr: [4, 1, 2, 5, 6, 7, 3]
112 * 22 = 224  + 224  = 2464
num: 11223 base: 7 arr: [4, 1, 2, 5, 6, 7, 3]
112 * 23 = 336  + 224  = 2576
num: 11231 base: 7 arr: [4, 1, 2, 5, 6, 7, 3]
112 * 31 = 112  + 336  = 3472
num: 11511 base: 7 arr: [4, 1, 2, 5, 6, 7, 3]
115 * 11 = 115  + 115  = 1265
num: 11515 base: 7 arr: [4, 1, 2, 5, 6, 7, 3]
115 * 15 = 575  + 115  = 1725
num: 11555 base: 7 arr: [4, 1, 2, 5, 6, 7, 3]
115 * 55 = 575  + 575  = 6325
num: 11531 base: 7 arr: [4, 1, 2, 5, 6, 7, 3]
115 * 31 = 115  + 345  = 3565
num: 11641 base: 7 arr: [4, 1, 2, 5, 6, 7, 3]
116 * 41 = 116  + 464  = 4756
num: 11614 base: 7 arr: [4, 1, 2, 5, 6, 7, 3]
116 * 14 = 464  + 116  = 1624
num: 11611 base: 7 arr: [4, 1, 2, 5, 6, 7, 3]
116 * 11 = 116  + 116  = 1276
num: 11621 base: 7 arr: [4, 1, 2, 5, 6, 7, 3]
116 * 21 = 116  + 232  = 2436
num: 11622 base: 7 arr: [4, 1, 2, 5, 6, 7, 3]
116 * 22 = 232  + 232  = 2552
num: 11713 base: 7 arr: [4, 1, 2, 5, 6, 7, 3]
117 * 13 = 351  + 117  = 1521
num: 11721 base: 7 arr: [4, 1, 2, 5, 6, 7, 3]
117 * 21 = 117  + 234  = 2457
num: 11722 base: 7 arr: [4, 1, 2, 5, 6, 7, 3]
117 * 22 = 234  + 234  = 2574
num: 11731 base: 7 arr: [4, 1, 2, 5, 6, 7, 3]
117 * 31 = 117  + 351  = 3627
num: 11732 base: 7 arr: [4, 1, 2, 5, 6, 7, 3]
117 * 32 = 234  + 351  = 3744
num: 11341 base: 7 arr: [4, 1, 2, 5, 6, 7, 3]
113 * 41 = 113  + 452  = 4633
num: 11342 base: 7 arr: [4, 1, 2, 5, 6, 7, 3]
113 * 42 = 226  + 452  = 4746
num: 11311 base: 7 arr: [4, 1, 2, 5, 6, 7, 3]
113 * 11 = 113  + 113  = 1243
num: 11312 base: 7 arr: [4, 1, 2, 5, 6, 7, 3]
113 * 12 = 226  + 113  = 1356
num: 11324 base: 7 arr: [4, 1, 2, 5, 6, 7, 3]
113 * 24 = 452  + 226  = 2712
num: 11321 base: 7 arr: [4, 1, 2, 5, 6, 7, 3]
113 * 21 = 113  + 226  = 2373
num: 11351 base: 7 arr: [4, 1, 2, 5, 6, 7, 3]
113 * 51 = 113  + 565  = 5763
num: 11355 base: 7 arr: [4, 1, 2, 5, 6, 7, 3]
113 * 55 = 565  + 565  = 6215
num: 12411 base: 7 arr: [4, 1, 2, 5, 6, 7, 3]
124 * 11 = 124  + 124  = 1364
num: 12413 base: 7 arr: [4, 1, 2, 5, 6, 7, 3]
124 * 13 = 372  + 124  = 1612
num: 12461 base: 7 arr: [4, 1, 2, 5, 6, 7, 3]
124 * 61 = 124  + 744  = 7564
num: 12436 base: 7 arr: [4, 1, 2, 5, 6, 7, 3]
124 * 36 = 744  + 372  = 4464
num: 12111 base: 7 arr: [4, 1, 2, 5, 6, 7, 3]
121 * 11 = 121  + 121  = 1331
num: 12112 base: 7 arr: [4, 1, 2, 5, 6, 7, 3]
121 * 12 = 242  + 121  = 1452
num: 12113 base: 7 arr: [4, 1, 2, 5, 6, 7, 3]
121 * 13 = 363  + 121  = 1573
num: 12121 base: 7 arr: [4, 1, 2, 5, 6, 7, 3]
121 * 21 = 121  + 242  = 2541
num: 12122 base: 7 arr: [4, 1, 2, 5, 6, 7, 3]
121 * 22 = 242  + 242  = 2662
num: 12126 base: 7 arr: [4, 1, 2, 5, 6, 7, 3]
121 * 26 = 726  + 242  = 3146
num: 12163 base: 7 arr: [4, 1, 2, 5, 6, 7, 3]
121 * 63 = 363  + 726  = 7623
num: 12131 base: 7 arr: [4, 1, 2, 5, 6, 7, 3]
121 * 31 = 121  + 363  = 3751
num: 12136 base: 7 arr: [4, 1, 2, 5, 6, 7, 3]
121 * 36 = 726  + 363  = 4356
num: 12211 base: 7 arr: [4, 1, 2, 5, 6, 7, 3]
122 * 11 = 122  + 122  = 1342
num: 12212 base: 7 arr: [4, 1, 2, 5, 6, 7, 3]
122 * 12 = 244  + 122  = 1464
num: 12221 base: 7 arr: [4, 1, 2, 5, 6, 7, 3]
122 * 21 = 122  + 244  = 2562
num: 12226 base: 7 arr: [4, 1, 2, 5, 6, 7, 3]
122 * 26 = 732  + 244  = 3172
num: 12261 base: 7 arr: [4, 1, 2, 5, 6, 7, 3]
122 * 61 = 122  + 732  = 7442
num: 12262 base: 7 arr: [4, 1, 2, 5, 6, 7, 3]
122 * 62 = 244  + 732  = 7564
num: 12511 base: 7 arr: [4, 1, 2, 5, 6, 7, 3]
125 * 11 = 125  + 125  = 1375
num: 12513 base: 7 arr: [4, 1, 2, 5, 6, 7, 3]
125 * 13 = 375  + 125  = 1625
num: 12551 base: 7 arr: [4, 1, 2, 5, 6, 7, 3]
125 * 51 = 125  + 625  = 6375
num: 12553 base: 7 arr: [4, 1, 2, 5, 6, 7, 3]
125 * 53 = 375  + 625  = 6625
num: 12535 base: 7 arr: [4, 1, 2, 5, 6, 7, 3]
125 * 35 = 625  + 375  = 4375
num: 12533 base: 7 arr: [4, 1, 2, 5, 6, 7, 3]
125 * 33 = 375  + 375  = 4125
num: 12612 base: 7 arr: [4, 1, 2, 5, 6, 7, 3]
126 * 12 = 252  + 126  = 1512
num: 12621 base: 7 arr: [4, 1, 2, 5, 6, 7, 3]
126 * 21 = 126  + 252  = 2646
num: 12622 base: 7 arr: [4, 1, 2, 5, 6, 7, 3]
126 * 22 = 252  + 252  = 2772
num: 12626 base: 7 arr: [4, 1, 2, 5, 6, 7, 3]
126 * 26 = 756  + 252  = 3276
num: 12712 base: 7 arr: [4, 1, 2, 5, 6, 7, 3]
127 * 12 = 254  + 127  = 1524
num: 12721 base: 7 arr: [4, 1, 2, 5, 6, 7, 3]
127 * 21 = 127  + 254  = 2667
num: 12725 base: 7 arr: [4, 1, 2, 5, 6, 7, 3]
127 * 25 = 635  + 254  = 3175
num: 12751 base: 7 arr: [4, 1, 2, 5, 6, 7, 3]
127 * 51 = 127  + 635  = 6477
num: 12756 base: 7 arr: [4, 1, 2, 5, 6, 7, 3]
127 * 56 = 762  + 635  = 7112
num: 12761 base: 7 arr: [4, 1, 2, 5, 6, 7, 3]
127 * 61 = 127  + 762  = 7747
num: 12311 base: 7 arr: [4, 1, 2, 5, 6, 7, 3]
123 * 11 = 123  + 123  = 1353
num: 12312 base: 7 arr: [4, 1, 2, 5, 6, 7, 3]
123 * 12 = 246  + 123  = 1476
num: 12351 base: 7 arr: [4, 1, 2, 5, 6, 7, 3]
123 * 51 = 123  + 615  = 6273
num: 12355 base: 7 arr: [4, 1, 2, 5, 6, 7, 3]
123 * 55 = 615  + 615  = 6765
num: 15444 base: 7 arr: [4, 1, 2, 5, 6, 7, 3]
154 * 44 = 616  + 616  = 6776
num: 15441 base: 7 arr: [4, 1, 2, 5, 6, 7, 3]
154 * 41 = 154  + 616  = 6314
num: 15443 base: 7 arr: [4, 1, 2, 5, 6, 7, 3]
154 * 43 = 462  + 616  = 6622
num: 15414 base: 7 arr: [4, 1, 2, 5, 6, 7, 3]
154 * 14 = 616  + 154  = 2156
num: 15434 base: 7 arr: [4, 1, 2, 5, 6, 7, 3]
154 * 34 = 616  + 462  = 5236
num: 15431 base: 7 arr: [4, 1, 2, 5, 6, 7, 3]
154 * 31 = 154  + 462  = 4774
num: 15111 base: 7 arr: [4, 1, 2, 5, 6, 7, 3]
151 * 11 = 151  + 151  = 1661
num: 15115 base: 7 arr: [4, 1, 2, 5, 6, 7, 3]
151 * 15 = 755  + 151  = 2265
num: 15211 base: 7 arr: [4, 1, 2, 5, 6, 7, 3]
152 * 11 = 152  + 152  = 1672
num: 15231 base: 7 arr: [4, 1, 2, 5, 6, 7, 3]
152 * 31 = 152  + 456  = 4712
num: 15515 base: 7 arr: [4, 1, 2, 5, 6, 7, 3]
155 * 15 = 775  + 155  = 2325
num: 15535 base: 7 arr: [4, 1, 2, 5, 6, 7, 3]
155 * 35 = 775  + 465  = 5425
num: 15533 base: 7 arr: [4, 1, 2, 5, 6, 7, 3]
155 * 33 = 465  + 465  = 5115
num: 15642 base: 7 arr: [4, 1, 2, 5, 6, 7, 3]
156 * 42 = 312  + 624  = 6552
num: 15611 base: 7 arr: [4, 1, 2, 5, 6, 7, 3]
156 * 11 = 156  + 156  = 1716
num: 15624 base: 7 arr: [4, 1, 2, 5, 6, 7, 3]
156 * 24 = 624  + 312  = 3744
num: 15621 base: 7 arr: [4, 1, 2, 5, 6, 7, 3]
156 * 21 = 156  + 312  = 3276
num: 15622 base: 7 arr: [4, 1, 2, 5, 6, 7, 3]
156 * 22 = 312  + 312  = 3432
num: 15711 base: 7 arr: [4, 1, 2, 5, 6, 7, 3]
157 * 11 = 157  + 157  = 1727
num: 15722 base: 7 arr: [4, 1, 2, 5, 6, 7, 3]
157 * 22 = 314  + 314  = 3454
num: 15723 base: 7 arr: [4, 1, 2, 5, 6, 7, 3]
157 * 23 = 471  + 314  = 3611
num: 15344 base: 7 arr: [4, 1, 2, 5, 6, 7, 3]
153 * 44 = 612  + 612  = 6732
num: 15341 base: 7 arr: [4, 1, 2, 5, 6, 7, 3]
153 * 41 = 153  + 612  = 6273
num: 15314 base: 7 arr: [4, 1, 2, 5, 6, 7, 3]
153 * 14 = 612  + 153  = 2142
num: 16444 base: 7 arr: [4, 1, 2, 5, 6, 7, 3]
164 * 44 = 656  + 656  = 7216
num: 16441 base: 7 arr: [4, 1, 2, 5, 6, 7, 3]
164 * 41 = 164  + 656  = 6724
num: 16142 base: 7 arr: [4, 1, 2, 5, 6, 7, 3]
161 * 42 = 322  + 644  = 6762
num: 16114 base: 7 arr: [4, 1, 2, 5, 6, 7, 3]
161 * 14 = 644  + 161  = 2254
num: 16111 base: 7 arr: [4, 1, 2, 5, 6, 7, 3]
161 * 11 = 161  + 161  = 1771
num: 16122 base: 7 arr: [4, 1, 2, 5, 6, 7, 3]
161 * 22 = 322  + 322  = 3542
num: 16222 base: 7 arr: [4, 1, 2, 5, 6, 7, 3]
162 * 22 = 324  + 324  = 3564
num: 16614 base: 7 arr: [4, 1, 2, 5, 6, 7, 3]
166 * 14 = 664  + 166  = 2324
num: 16622 base: 7 arr: [4, 1, 2, 5, 6, 7, 3]
166 * 22 = 332  + 332  = 3652
num: 16722 base: 7 arr: [4, 1, 2, 5, 6, 7, 3]
167 * 22 = 334  + 334  = 3674
num: 16344 base: 7 arr: [4, 1, 2, 5, 6, 7, 3]
163 * 44 = 652  + 652  = 7172
num: 16321 base: 7 arr: [4, 1, 2, 5, 6, 7, 3]
163 * 21 = 163  + 326  = 3423
num: 17413 base: 7 arr: [4, 1, 2, 5, 6, 7, 3]
174 * 13 = 522  + 174  = 2262
num: 17433 base: 7 arr: [4, 1, 2, 5, 6, 7, 3]
174 * 33 = 522  + 522  = 5742
num: 17113 base: 7 arr: [4, 1, 2, 5, 6, 7, 3]
171 * 13 = 513  + 171  = 2223
num: 17122 base: 7 arr: [4, 1, 2, 5, 6, 7, 3]
171 * 22 = 342  + 342  = 3762
num: 17132 base: 7 arr: [4, 1, 2, 5, 6, 7, 3]
171 * 32 = 342  + 513  = 5472
num: 17133 base: 7 arr: [4, 1, 2, 5, 6, 7, 3]
171 * 33 = 513  + 513  = 5643
num: 17213 base: 7 arr: [4, 1, 2, 5, 6, 7, 3]
172 * 13 = 516  + 172  = 2236
num: 17221 base: 7 arr: [4, 1, 2, 5, 6, 7, 3]
172 * 21 = 172  + 344  = 3612
num: 17231 base: 7 arr: [4, 1, 2, 5, 6, 7, 3]
172 * 31 = 172  + 516  = 5332
num: 17233 base: 7 arr: [4, 1, 2, 5, 6, 7, 3]
172 * 33 = 516  + 516  = 5676
num: 17513 base: 7 arr: [4, 1, 2, 5, 6, 7, 3]
175 * 13 = 525  + 175  = 2275
num: 17531 base: 7 arr: [4, 1, 2, 5, 6, 7, 3]
175 * 31 = 175  + 525  = 5425
num: 17533 base: 7 arr: [4, 1, 2, 5, 6, 7, 3]
175 * 33 = 525  + 525  = 5775
num: 17612 base: 7 arr: [4, 1, 2, 5, 6, 7, 3]
176 * 12 = 352  + 176  = 2112
num: 17712 base: 7 arr: [4, 1, 2, 5, 6, 7, 3]
177 * 12 = 354  + 177  = 2124
num: 17721 base: 7 arr: [4, 1, 2, 5, 6, 7, 3]
177 * 21 = 177  + 354  = 3717
num: 17732 base: 7 arr: [4, 1, 2, 5, 6, 7, 3]
177 * 32 = 354  + 531  = 5664
num: 17321 base: 7 arr: [4, 1, 2, 5, 6, 7, 3]
173 * 21 = 173  + 346  = 3633
num: 13411 base: 7 arr: [4, 1, 2, 5, 6, 7, 3]
134 * 11 = 134  + 134  = 1474
num: 13144 base: 7 arr: [4, 1, 2, 5, 6, 7, 3]
131 * 44 = 524  + 524  = 5764
num: 13141 base: 7 arr: [4, 1, 2, 5, 6, 7, 3]
131 * 41 = 131  + 524  = 5371
num: 13111 base: 7 arr: [4, 1, 2, 5, 6, 7, 3]
131 * 11 = 131  + 131  = 1441
num: 13112 base: 7 arr: [4, 1, 2, 5, 6, 7, 3]
131 * 12 = 262  + 131  = 1572
num: 13124 base: 7 arr: [4, 1, 2, 5, 6, 7, 3]
131 * 24 = 524  + 262  = 3144
num: 13121 base: 7 arr: [4, 1, 2, 5, 6, 7, 3]
131 * 21 = 131  + 262  = 2751
num: 13125 base: 7 arr: [4, 1, 2, 5, 6, 7, 3]
131 * 25 = 655  + 262  = 3275
num: 13211 base: 7 arr: [4, 1, 2, 5, 6, 7, 3]
132 * 11 = 132  + 132  = 1452
num: 13221 base: 7 arr: [4, 1, 2, 5, 6, 7, 3]
132 * 21 = 132  + 264  = 2772
num: 13555 base: 7 arr: [4, 1, 2, 5, 6, 7, 3]
135 * 55 = 675  + 675  = 7425
num: 13641 base: 7 arr: [4, 1, 2, 5, 6, 7, 3]
136 * 41 = 136  + 544  = 5576
num: 13642 base: 7 arr: [4, 1, 2, 5, 6, 7, 3]
136 * 42 = 272  + 544  = 5712
num: 13612 base: 7 arr: [4, 1, 2, 5, 6, 7, 3]
136 * 12 = 272  + 136  = 1632
num: 13624 base: 7 arr: [4, 1, 2, 5, 6, 7, 3]
136 * 24 = 544  + 272  = 3264
num: 13712 base: 7 arr: [4, 1, 2, 5, 6, 7, 3]
137 * 12 = 274  + 137  = 1644
num: 13723 base: 7 arr: [4, 1, 2, 5, 6, 7, 3]
137 * 23 = 411  + 274  = 3151
num: 13731 base: 7 arr: [4, 1, 2, 5, 6, 7, 3]
137 * 31 = 137  + 411  = 4247
num: 13733 base: 7 arr: [4, 1, 2, 5, 6, 7, 3]
137 * 33 = 411  + 411  = 4521
num: 13341 base: 7 arr: [4, 1, 2, 5, 6, 7, 3]
133 * 41 = 133  + 532  = 5453
num: 13311 base: 7 arr: [4, 1, 2, 5, 6, 7, 3]
133 * 11 = 133  + 133  = 1463
num: 13325 base: 7 arr: [4, 1, 2, 5, 6, 7, 3]
133 * 25 = 665  + 266  = 3325
num: 13355 base: 7 arr: [4, 1, 2, 5, 6, 7, 3]
133 * 55 = 665  + 665  = 7315
num: 24413 base: 7 arr: [4, 1, 2, 5, 6, 7, 3]
244 * 13 = 732  + 244  = 3172
num: 24431 base: 7 arr: [4, 1, 2, 5, 6, 7, 3]
244 * 31 = 244  + 732  = 7564
num: 24111 base: 7 arr: [4, 1, 2, 5, 6, 7, 3]
241 * 11 = 241  + 241  = 2651
num: 24113 base: 7 arr: [4, 1, 2, 5, 6, 7, 3]
241 * 13 = 723  + 241  = 3133
num: 24131 base: 7 arr: [4, 1, 2, 5, 6, 7, 3]
241 * 31 = 241  + 723  = 7471
num: 24211 base: 7 arr: [4, 1, 2, 5, 6, 7, 3]
242 * 11 = 242  + 242  = 2662
num: 24213 base: 7 arr: [4, 1, 2, 5, 6, 7, 3]
242 * 13 = 726  + 242  = 3146
num: 24711 base: 7 arr: [4, 1, 2, 5, 6, 7, 3]
247 * 11 = 247  + 247  = 2717
num: 24713 base: 7 arr: [4, 1, 2, 5, 6, 7, 3]
247 * 13 = 741  + 247  = 3211
num: 24731 base: 7 arr: [4, 1, 2, 5, 6, 7, 3]
247 * 31 = 247  + 741  = 7657
num: 24311 base: 7 arr: [4, 1, 2, 5, 6, 7, 3]
243 * 11 = 243  + 243  = 2673
num: 21411 base: 7 arr: [4, 1, 2, 5, 6, 7, 3]
214 * 11 = 214  + 214  = 2354
num: 21431 base: 7 arr: [4, 1, 2, 5, 6, 7, 3]
214 * 31 = 214  + 642  = 6634
num: 21111 base: 7 arr: [4, 1, 2, 5, 6, 7, 3]
211 * 11 = 211  + 211  = 2321
num: 21112 base: 7 arr: [4, 1, 2, 5, 6, 7, 3]
211 * 12 = 422  + 211  = 2532
num: 21113 base: 7 arr: [4, 1, 2, 5, 6, 7, 3]
211 * 13 = 633  + 211  = 2743
num: 21121 base: 7 arr: [4, 1, 2, 5, 6, 7, 3]
211 * 21 = 211  + 422  = 4431
num: 21122 base: 7 arr: [4, 1, 2, 5, 6, 7, 3]
211 * 22 = 422  + 422  = 4642
num: 21131 base: 7 arr: [4, 1, 2, 5, 6, 7, 3]
211 * 31 = 211  + 633  = 6541
num: 21132 base: 7 arr: [4, 1, 2, 5, 6, 7, 3]
211 * 32 = 422  + 633  = 6752
num: 21211 base: 7 arr: [4, 1, 2, 5, 6, 7, 3]
212 * 11 = 212  + 212  = 2332
num: 21212 base: 7 arr: [4, 1, 2, 5, 6, 7, 3]
212 * 12 = 424  + 212  = 2544
num: 21213 base: 7 arr: [4, 1, 2, 5, 6, 7, 3]
212 * 13 = 636  + 212  = 2756
num: 21221 base: 7 arr: [4, 1, 2, 5, 6, 7, 3]
212 * 21 = 212  + 424  = 4452
num: 21222 base: 7 arr: [4, 1, 2, 5, 6, 7, 3]
212 * 22 = 424  + 424  = 4664
num: 21231 base: 7 arr: [4, 1, 2, 5, 6, 7, 3]
212 * 31 = 212  + 636  = 6572
num: 21511 base: 7 arr: [4, 1, 2, 5, 6, 7, 3]
215 * 11 = 215  + 215  = 2365
num: 21531 base: 7 arr: [4, 1, 2, 5, 6, 7, 3]
215 * 31 = 215  + 645  = 6665
num: 21611 base: 7 arr: [4, 1, 2, 5, 6, 7, 3]
216 * 11 = 216  + 216  = 2376
num: 21621 base: 7 arr: [4, 1, 2, 5, 6, 7, 3]
216 * 21 = 216  + 432  = 4536
num: 21622 base: 7 arr: [4, 1, 2, 5, 6, 7, 3]
216 * 22 = 432  + 432  = 4752
num: 21721 base: 7 arr: [4, 1, 2, 5, 6, 7, 3]
217 * 21 = 217  + 434  = 4557
num: 21722 base: 7 arr: [4, 1, 2, 5, 6, 7, 3]
217 * 22 = 434  + 434  = 4774
num: 21731 base: 7 arr: [4, 1, 2, 5, 6, 7, 3]
217 * 31 = 217  + 651  = 6727
num: 21733 base: 7 arr: [4, 1, 2, 5, 6, 7, 3]
217 * 33 = 651  + 651  = 7161
num: 21311 base: 7 arr: [4, 1, 2, 5, 6, 7, 3]
213 * 11 = 213  + 213  = 2343
num: 21312 base: 7 arr: [4, 1, 2, 5, 6, 7, 3]
213 * 12 = 426  + 213  = 2556
num: 21321 base: 7 arr: [4, 1, 2, 5, 6, 7, 3]
213 * 21 = 213  + 426  = 4473
num: 22411 base: 7 arr: [4, 1, 2, 5, 6, 7, 3]
224 * 11 = 224  + 224  = 2464
num: 22111 base: 7 arr: [4, 1, 2, 5, 6, 7, 3]
221 * 11 = 221  + 221  = 2431
num: 22112 base: 7 arr: [4, 1, 2, 5, 6, 7, 3]
221 * 12 = 442  + 221  = 2652
num: 22121 base: 7 arr: [4, 1, 2, 5, 6, 7, 3]
221 * 21 = 221  + 442  = 4641
num: 22211 base: 7 arr: [4, 1, 2, 5, 6, 7, 3]
222 * 11 = 222  + 222  = 2442
num: 22212 base: 7 arr: [4, 1, 2, 5, 6, 7, 3]
222 * 12 = 444  + 222  = 2664
num: 22221 base: 7 arr: [4, 1, 2, 5, 6, 7, 3]
222 * 21 = 222  + 444  = 4662
num: 22233 base: 7 arr: [4, 1, 2, 5, 6, 7, 3]
222 * 33 = 666  + 666  = 7326
num: 22511 base: 7 arr: [4, 1, 2, 5, 6, 7, 3]
225 * 11 = 225  + 225  = 2475
num: 22533 base: 7 arr: [4, 1, 2, 5, 6, 7, 3]
225 * 33 = 675  + 675  = 7425
num: 22612 base: 7 arr: [4, 1, 2, 5, 6, 7, 3]
226 * 12 = 452  + 226  = 2712
num: 22621 base: 7 arr: [4, 1, 2, 5, 6, 7, 3]
226 * 21 = 226  + 452  = 4746
num: 22712 base: 7 arr: [4, 1, 2, 5, 6, 7, 3]
227 * 12 = 454  + 227  = 2724
num: 22721 base: 7 arr: [4, 1, 2, 5, 6, 7, 3]
227 * 21 = 227  + 454  = 4767
num: 22311 base: 7 arr: [4, 1, 2, 5, 6, 7, 3]
223 * 11 = 223  + 223  = 2453
num: 22312 base: 7 arr: [4, 1, 2, 5, 6, 7, 3]
223 * 12 = 446  + 223  = 2676
num: 25111 base: 7 arr: [4, 1, 2, 5, 6, 7, 3]
251 * 11 = 251  + 251  = 2761
num: 25113 base: 7 arr: [4, 1, 2, 5, 6, 7, 3]
251 * 13 = 753  + 251  = 3263
num: 25211 base: 7 arr: [4, 1, 2, 5, 6, 7, 3]
252 * 11 = 252  + 252  = 2772
num: 25213 base: 7 arr: [4, 1, 2, 5, 6, 7, 3]
252 * 13 = 756  + 252  = 3276
num: 25513 base: 7 arr: [4, 1, 2, 5, 6, 7, 3]
255 * 13 = 765  + 255  = 3315
num: 25621 base: 7 arr: [4, 1, 2, 5, 6, 7, 3]
256 * 21 = 256  + 512  = 5376
num: 25622 base: 7 arr: [4, 1, 2, 5, 6, 7, 3]
256 * 22 = 512  + 512  = 5632
num: 25713 base: 7 arr: [4, 1, 2, 5, 6, 7, 3]
257 * 13 = 771  + 257  = 3341
num: 25722 base: 7 arr: [4, 1, 2, 5, 6, 7, 3]
257 * 22 = 514  + 514  = 5654
num: 26112 base: 7 arr: [4, 1, 2, 5, 6, 7, 3]
261 * 12 = 522  + 261  = 3132
num: 26122 base: 7 arr: [4, 1, 2, 5, 6, 7, 3]
261 * 22 = 522  + 522  = 5742
num: 26212 base: 7 arr: [4, 1, 2, 5, 6, 7, 3]
262 * 12 = 524  + 262  = 3144
num: 26222 base: 7 arr: [4, 1, 2, 5, 6, 7, 3]
262 * 22 = 524  + 524  = 5764
num: 26312 base: 7 arr: [4, 1, 2, 5, 6, 7, 3]
263 * 12 = 526  + 263  = 3156
num: 26321 base: 7 arr: [4, 1, 2, 5, 6, 7, 3]
263 * 21 = 263  + 526  = 5523
num: 27112 base: 7 arr: [4, 1, 2, 5, 6, 7, 3]
271 * 12 = 542  + 271  = 3252
num: 27212 base: 7 arr: [4, 1, 2, 5, 6, 7, 3]
272 * 12 = 544  + 272  = 3264
num: 27221 base: 7 arr: [4, 1, 2, 5, 6, 7, 3]
272 * 21 = 272  + 544  = 5712
num: 27612 base: 7 arr: [4, 1, 2, 5, 6, 7, 3]
276 * 12 = 552  + 276  = 3312
num: 27712 base: 7 arr: [4, 1, 2, 5, 6, 7, 3]
277 * 12 = 554  + 277  = 3324
num: 27312 base: 7 arr: [4, 1, 2, 5, 6, 7, 3]
273 * 12 = 546  + 273  = 3276
num: 27321 base: 7 arr: [4, 1, 2, 5, 6, 7, 3]
273 * 21 = 273  + 546  = 5733
num: 23411 base: 7 arr: [4, 1, 2, 5, 6, 7, 3]
234 * 11 = 234  + 234  = 2574
num: 23111 base: 7 arr: [4, 1, 2, 5, 6, 7, 3]
231 * 11 = 231  + 231  = 2541
num: 23112 base: 7 arr: [4, 1, 2, 5, 6, 7, 3]
231 * 12 = 462  + 231  = 2772
num: 23211 base: 7 arr: [4, 1, 2, 5, 6, 7, 3]
232 * 11 = 232  + 232  = 2552
num: 23722 base: 7 arr: [4, 1, 2, 5, 6, 7, 3]
237 * 22 = 474  + 474  = 5214
num: 23723 base: 7 arr: [4, 1, 2, 5, 6, 7, 3]
237 * 23 = 711  + 474  = 5451
num: 23731 base: 7 arr: [4, 1, 2, 5, 6, 7, 3]
237 * 31 = 237  + 711  = 7347
num: 23311 base: 7 arr: [4, 1, 2, 5, 6, 7, 3]
233 * 11 = 233  + 233  = 2563
num: 23322 base: 7 arr: [4, 1, 2, 5, 6, 7, 3]
233 * 22 = 466  + 466  = 5126
num: 51411 base: 7 arr: [4, 1, 2, 5, 6, 7, 3]
514 * 11 = 514  + 514  = 5654
num: 51111 base: 7 arr: [4, 1, 2, 5, 6, 7, 3]
511 * 11 = 511  + 511  = 5621
num: 51211 base: 7 arr: [4, 1, 2, 5, 6, 7, 3]
512 * 11 = 512  + 512  = 5632
num: 51511 base: 7 arr: [4, 1, 2, 5, 6, 7, 3]
515 * 11 = 515  + 515  = 5665
num: 51611 base: 7 arr: [4, 1, 2, 5, 6, 7, 3]
516 * 11 = 516  + 516  = 5676
num: 51311 base: 7 arr: [4, 1, 2, 5, 6, 7, 3]
513 * 11 = 513  + 513  = 5643
num: 52411 base: 7 arr: [4, 1, 2, 5, 6, 7, 3]
524 * 11 = 524  + 524  = 5764
num: 52111 base: 7 arr: [4, 1, 2, 5, 6, 7, 3]
521 * 11 = 521  + 521  = 5731
num: 52211 base: 7 arr: [4, 1, 2, 5, 6, 7, 3]
522 * 11 = 522  + 522  = 5742
num: 52511 base: 7 arr: [4, 1, 2, 5, 6, 7, 3]
525 * 11 = 525  + 525  = 5775
num: 52311 base: 7 arr: [4, 1, 2, 5, 6, 7, 3]
523 * 11 = 523  + 523  = 5753
num: 55611 base: 7 arr: [4, 1, 2, 5, 6, 7, 3]
556 * 11 = 556  + 556  = 6116
num: 55711 base: 7 arr: [4, 1, 2, 5, 6, 7, 3]
557 * 11 = 557  + 557  = 6127
num: 56111 base: 7 arr: [4, 1, 2, 5, 6, 7, 3]
561 * 11 = 561  + 561  = 6171
num: 56511 base: 7 arr: [4, 1, 2, 5, 6, 7, 3]
565 * 11 = 565  + 565  = 6215
num: 56611 base: 7 arr: [4, 1, 2, 5, 6, 7, 3]
566 * 11 = 566  + 566  = 6226
num: 56711 base: 7 arr: [4, 1, 2, 5, 6, 7, 3]
567 * 11 = 567  + 567  = 6237
num: 57411 base: 7 arr: [4, 1, 2, 5, 6, 7, 3]
574 * 11 = 574  + 574  = 6314
num: 57511 base: 7 arr: [4, 1, 2, 5, 6, 7, 3]
575 * 11 = 575  + 575  = 6325
num: 57611 base: 7 arr: [4, 1, 2, 5, 6, 7, 3]
576 * 11 = 576  + 576  = 6336
num: 57711 base: 7 arr: [4, 1, 2, 5, 6, 7, 3]
577 * 11 = 577  + 577  = 6347
num: 64711 base: 7 arr: [4, 1, 2, 5, 6, 7, 3]
647 * 11 = 647  + 647  = 7117
num: 61411 base: 7 arr: [4, 1, 2, 5, 6, 7, 3]
614 * 11 = 614  + 614  = 6754
num: 61111 base: 7 arr: [4, 1, 2, 5, 6, 7, 3]
611 * 11 = 611  + 611  = 6721
num: 61211 base: 7 arr: [4, 1, 2, 5, 6, 7, 3]
612 * 11 = 612  + 612  = 6732
num: 61511 base: 7 arr: [4, 1, 2, 5, 6, 7, 3]
615 * 11 = 615  + 615  = 6765
num: 61611 base: 7 arr: [4, 1, 2, 5, 6, 7, 3]
616 * 11 = 616  + 616  = 6776
num: 61311 base: 7 arr: [4, 1, 2, 5, 6, 7, 3]
613 * 11 = 613  + 613  = 6743
num: 65111 base: 7 arr: [4, 1, 2, 5, 6, 7, 3]
651 * 11 = 651  + 651  = 7161
num: 65211 base: 7 arr: [4, 1, 2, 5, 6, 7, 3]
652 * 11 = 652  + 652  = 7172
num: 65611 base: 7 arr: [4, 1, 2, 5, 6, 7, 3]
656 * 11 = 656  + 656  = 7216
num: 65711 base: 7 arr: [4, 1, 2, 5, 6, 7, 3]
657 * 11 = 657  + 657  = 7227
num: 66111 base: 7 arr: [4, 1, 2, 5, 6, 7, 3]
661 * 11 = 661  + 661  = 7271
num: 66511 base: 7 arr: [4, 1, 2, 5, 6, 7, 3]
665 * 11 = 665  + 665  = 7315
num: 66611 base: 7 arr: [4, 1, 2, 5, 6, 7, 3]
666 * 11 = 666  + 666  = 7326
num: 66711 base: 7 arr: [4, 1, 2, 5, 6, 7, 3]
667 * 11 = 667  + 667  = 7337
num: 67411 base: 7 arr: [4, 1, 2, 5, 6, 7, 3]
674 * 11 = 674  + 674  = 7414
num: 67511 base: 7 arr: [4, 1, 2, 5, 6, 7, 3]
675 * 11 = 675  + 675  = 7425
num: 67611 base: 7 arr: [4, 1, 2, 5, 6, 7, 3]
676 * 11 = 676  + 676  = 7436
num: 67711 base: 7 arr: [4, 1, 2, 5, 6, 7, 3]
677 * 11 = 677  + 677  = 7447
num: 34111 base: 7 arr: [4, 1, 2, 5, 6, 7, 3]
341 * 11 = 341  + 341  = 3751
num: 34211 base: 7 arr: [4, 1, 2, 5, 6, 7, 3]
342 * 11 = 342  + 342  = 3762
num: 34311 base: 7 arr: [4, 1, 2, 5, 6, 7, 3]
343 * 11 = 343  + 343  = 3773
num: 31411 base: 7 arr: [4, 1, 2, 5, 6, 7, 3]
314 * 11 = 314  + 314  = 3454
num: 31111 base: 7 arr: [4, 1, 2, 5, 6, 7, 3]
311 * 11 = 311  + 311  = 3421
num: 31112 base: 7 arr: [4, 1, 2, 5, 6, 7, 3]
311 * 12 = 622  + 311  = 3732
num: 31121 base: 7 arr: [4, 1, 2, 5, 6, 7, 3]
311 * 21 = 311  + 622  = 6531
num: 31211 base: 7 arr: [4, 1, 2, 5, 6, 7, 3]
312 * 11 = 312  + 312  = 3432
num: 31212 base: 7 arr: [4, 1, 2, 5, 6, 7, 3]
312 * 12 = 624  + 312  = 3744
num: 31221 base: 7 arr: [4, 1, 2, 5, 6, 7, 3]
312 * 21 = 312  + 624  = 6552
num: 31511 base: 7 arr: [4, 1, 2, 5, 6, 7, 3]
315 * 11 = 315  + 315  = 3465
num: 31611 base: 7 arr: [4, 1, 2, 5, 6, 7, 3]
316 * 11 = 316  + 316  = 3476
num: 31621 base: 7 arr: [4, 1, 2, 5, 6, 7, 3]
316 * 21 = 316  + 632  = 6636
num: 31721 base: 7 arr: [4, 1, 2, 5, 6, 7, 3]
317 * 21 = 317  + 634  = 6657
num: 31311 base: 7 arr: [4, 1, 2, 5, 6, 7, 3]
313 * 11 = 313  + 313  = 3443
num: 31312 base: 7 arr: [4, 1, 2, 5, 6, 7, 3]
313 * 12 = 626  + 313  = 3756
num: 31321 base: 7 arr: [4, 1, 2, 5, 6, 7, 3]
313 * 21 = 313  + 626  = 6573
num: 32411 base: 7 arr: [4, 1, 2, 5, 6, 7, 3]
324 * 11 = 324  + 324  = 3564
num: 32111 base: 7 arr: [4, 1, 2, 5, 6, 7, 3]
321 * 11 = 321  + 321  = 3531
num: 32121 base: 7 arr: [4, 1, 2, 5, 6, 7, 3]
321 * 21 = 321  + 642  = 6741
num: 32211 base: 7 arr: [4, 1, 2, 5, 6, 7, 3]
322 * 11 = 322  + 322  = 3542
num: 32221 base: 7 arr: [4, 1, 2, 5, 6, 7, 3]
322 * 21 = 322  + 644  = 6762
num: 32511 base: 7 arr: [4, 1, 2, 5, 6, 7, 3]
325 * 11 = 325  + 325  = 3575
num: 32622 base: 7 arr: [4, 1, 2, 5, 6, 7, 3]
326 * 22 = 652  + 652  = 7172
num: 32311 base: 7 arr: [4, 1, 2, 5, 6, 7, 3]
323 * 11 = 323  + 323  = 3553
num: 35612 base: 7 arr: [4, 1, 2, 5, 6, 7, 3]
356 * 12 = 712  + 356  = 4272
num: 35621 base: 7 arr: [4, 1, 2, 5, 6, 7, 3]
356 * 21 = 356  + 712  = 7476
num: 36112 base: 7 arr: [4, 1, 2, 5, 6, 7, 3]
361 * 12 = 722  + 361  = 4332
num: 36212 base: 7 arr: [4, 1, 2, 5, 6, 7, 3]
362 * 12 = 724  + 362  = 4344
num: 36312 base: 7 arr: [4, 1, 2, 5, 6, 7, 3]
363 * 12 = 726  + 363  = 4356
num: 36321 base: 7 arr: [4, 1, 2, 5, 6, 7, 3]
363 * 21 = 363  + 726  = 7623
num: 37411 base: 7 arr: [4, 1, 2, 5, 6, 7, 3]
374 * 11 = 374  + 374  = 4114
num: 37112 base: 7 arr: [4, 1, 2, 5, 6, 7, 3]
371 * 12 = 742  + 371  = 4452
num: 37212 base: 7 arr: [4, 1, 2, 5, 6, 7, 3]
372 * 12 = 744  + 372  = 4464
num: 37511 base: 7 arr: [4, 1, 2, 5, 6, 7, 3]
375 * 11 = 375  + 375  = 4125
num: 37611 base: 7 arr: [4, 1, 2, 5, 6, 7, 3]
376 * 11 = 376  + 376  = 4136
num: 37612 base: 7 arr: [4, 1, 2, 5, 6, 7, 3]
376 * 12 = 752  + 376  = 4512
num: 37711 base: 7 arr: [4, 1, 2, 5, 6, 7, 3]
377 * 11 = 377  + 377  = 4147
num: 37712 base: 7 arr: [4, 1, 2, 5, 6, 7, 3]
377 * 12 = 754  + 377  = 4524
num: 37312 base: 7 arr: [4, 1, 2, 5, 6, 7, 3]
373 * 12 = 746  + 373  = 4476
num: 33411 base: 7 arr: [4, 1, 2, 5, 6, 7, 3]
334 * 11 = 334  + 334  = 3674
num: 33111 base: 7 arr: [4, 1, 2, 5, 6, 7, 3]
331 * 11 = 331  + 331  = 3641
num: 33211 base: 7 arr: [4, 1, 2, 5, 6, 7, 3]
332 * 11 = 332  + 332  = 3652
num: 33722 base: 7 arr: [4, 1, 2, 5, 6, 7, 3]
337 * 22 = 674  + 674  = 7414
num: 33311 base: 7 arr: [4, 1, 2, 5, 6, 7, 3]
333 * 11 = 333  + 333  = 3663
num: 33322 base: 7 arr: [4, 1, 2, 5, 6, 7, 3]
333 * 22 = 666  + 666  = 7326
